Servidor iniciado. Abre tu navegador en: http://localhost:3000/
GET /
GET /engine.js
GET /data.json
GET /
GET /engine.js
GET /data.json
GET /template_phone.json
GET /
GET /engine.js
GET /apps.js
GET /data.json
GET /template_phone.json
GET /
GET /engine.js
GET /apps.js
GET /data.json
GET /template_phone.json
GET /
GET /engine.js
GET /apps.js
GET /data.json
GET /template_phone.json
GET /
GET /engine.js
GET /apps.js
GET /data.json
GET /template_phone.json
GET /
GET /engine.js
GET /apps.js
GET /data.json
GET /template_phone.json
GET /
GET /engine.js
GET /apps.js
GET /data.json
GET /template_phone.json
